C51 COMPILER V9.59.0.0   BLUETOOTH                                                         12/18/2018 13:11:21 PAGE 1   


C51 COMPILER V9.59.0.0, COMPILATION OF MODULE BLUETOOTH
OBJECT MODULE PLACED IN .\Objects\bluetooth.obj
COMPILER INVOKED BY: C:\Keil_v5\C51\BIN\C51.EXE bluetooth.c LARGE OPTIMIZE(8,SPEED) BROWSE DEBUG OBJECTEXTEND PRINT(.\Li
                    -stings\bluetooth.lst) TABS(2) OBJECT(.\Objects\bluetooth.obj)

line level    source

   1          #include "segment.c"
*** WARNING C235 IN LINE 114 OF segment.c: parameter 1: different types
   2          
   3          unsigned char R_BUFFER[16]={0};
   4          unsigned char T_BUFFER[16]={0};
   5          unsigned char len=0;
   6          unsigned char t_len=0;
   7          unsigned char t_point=0;
   8          char BT_FLAG=0;//4      3音乐 2电机 1灯光 0时间   
   9          //set           0x10    0x08  0x04  0x02  0x01 判断 置1
  10          //clear         0xef    0xf7  0xfb  0xfd  0xfe  清零
  11          long temp=0;
  12          
  13          
  14          void receiveChar(unsigned char c);
  15          void sendChar(unsigned char c[],unsigned char length);
  16          void blueToothUart();
  17          void blueToothInit();
  18          long pow10(char index);
  19          
  20          void music(char index);
  21          void motor(char index);
  22          void light(char index);
  23          void time(long t);
  24          
  25          void time(long t){
  26   1        char s;
  27   1        char m;
  28   1        char h;
  29   1        s=t%100;
  30   1        t/=100;
  31   1        m=t%100;
  32   1        t/=100;
  33   1        h=t%100;
  34   1        setTime(h,m,s);
  35   1      }
  36          void light(char index){
  37   1        if(LIGHT_FLAG) lightOff();
  38   1        else LIGHT_FLAG=1;
  39   1      }
*** WARNING C280 IN LINE 36 OF bluetooth.c: 'index': unreferenced local variable
  40          
  41          void music(char index){
  42   1        //setNumber(index);
  43   1        PlayFlag = ~PlayFlag;
  44   1      }
*** WARNING C280 IN LINE 41 OF bluetooth.c: 'index': unreferenced local variable
  45          void motor(char index){
  46   1        switch(index){
  47   2          case 2:
  48   2            SEG_FLAG=setFlag(SEG_FLAG,0);
  49   2            SEG_FLAG=setFlag(SEG_FLAG,1);
  50   2          break;
  51   2          case 1:
C51 COMPILER V9.59.0.0   BLUETOOTH                                                         12/18/2018 13:11:21 PAGE 2   

  52   2            SEG_FLAG=setFlag(SEG_FLAG,1);
  53   2            SEG_FLAG=clearFlag(SEG_FLAG,0);
  54   2          break;
  55   2          case 0:
  56   2          default:
  57   2            SEG_FLAG=clearFlag(SEG_FLAG,1);
  58   2          break;
  59   2        }
  60   1      }
  61          
  62          void sendCharWith(unsigned char c[],unsigned char length,char replace){
  63   1        t_len=length+2;
  64   1        T_BUFFER[0]=replace;
  65   1        for(t_point=1;t_point<=length;t_point++){
  66   2          T_BUFFER[t_point]=c[t_point-1];
  67   2        }
  68   1        T_BUFFER[t_point]=replace;
  69   1        SBUF=T_BUFFER[0];
  70   1        t_point=1;
  71   1      }
  72          
  73          void receiveChar(unsigned char c){
  74   1        char i=0;
  75   1        switch(c){
  76   2          case '\0'://时间调试模式
  77   2              if(isBit(BT_FLAG,0)){
  78   3                BT_FLAG=clearFlag(BT_FLAG,0);
  79   3                for(i=0,temp=0;i<len;i++){
  80   4                  temp+=R_BUFFER[i]*pow10(len-1-i);
  81   4                }
  82   3                time(temp);
  83   3              }else{
  84   3                BT_FLAG=setFlag(BT_FLAG,0);
  85   3                len=0;
  86   3              }
  87   2          break;
  88   2          case '\1'://light
  89   2              if(isBit(BT_FLAG,1)){
  90   3                BT_FLAG=clearFlag(BT_FLAG,1);
  91   3                for(i=0,temp=0;i<len;i++){
  92   4                  temp+=R_BUFFER[i]*pow10(len-1-i);
  93   4                }
  94   3                light(temp);
  95   3              }else{
  96   3                BT_FLAG=setFlag(BT_FLAG,1);
  97   3                len=0;
  98   3              }
  99   2          break;
 100   2          case '\2'://电机
 101   2            if(isBit(BT_FLAG,2)){
 102   3                BT_FLAG=clearFlag(BT_FLAG,2);
 103   3                for(i=0,temp=0;i<len;i++){
 104   4                  temp+=R_BUFFER[i]*pow10(len-1-i);
 105   4                }
 106   3                motor(temp);
 107   3              }else{
 108   3                BT_FLAG=setFlag(BT_FLAG,2);
 109   3                len=0;
 110   3              }
 111   2          break;
 112   2          case '\3'://music
 113   2              if(isBit(BT_FLAG,3)){
C51 COMPILER V9.59.0.0   BLUETOOTH                                                         12/18/2018 13:11:21 PAGE 3   

 114   3                BT_FLAG=clearFlag(BT_FLAG,3);
 115   3                for(i=0,temp=0;i<len;i++){
 116   4                  temp+=R_BUFFER[i]*pow10(len-1-i);
 117   4                }
 118   3                music(temp);
 119   3              }else{
 120   3                BT_FLAG=setFlag(BT_FLAG,3);
 121   3                len=0;
 122   3              }
 123   2          break;
 124   2          default:
 125   2            //如果是某个模式
 126   2            if(BT_FLAG){R_BUFFER[len]=c-'0';len++;}
 127   2          break;
 128   2        }
 129   1      }
 130          
 131          void sendChar(unsigned char c[],unsigned char length){
 132   1        t_len=length;
 133   1        for(t_point=0;t_point<length;t_point++){
 134   2          T_BUFFER[t_point]=c[t_point];
 135   2        }
 136   1        SBUF=c[0];
 137   1        t_point=1;
 138   1      }
 139          
 140          long pow10(char index){
 141   1        char i=0;
 142   1        long t=1;
 143   1        for(i=0;i<index;i++){
 144   2          t*=10;
 145   2        }
 146   1        return t;
 147   1      }
 148          
 149          void blueToothUart(){//9600bps  @11.0592MHz  串口初始化函数定义
 150   1        //8位数据 定时器1为8位自动重装方式 定时器1时钟1T
 151   1        SCON = 0x50;    //8位数据,可变波特率
 152   1        AUXR |= 0x40;   //定时器1时钟为Fosc,即1T
 153   1        AUXR &= 0xFE;   //串口1选择定时器1为波特率发生器
 154   1        TMOD &= 0x0F;   //设定定时器1为16位自动重装方式
 155   1        TL1 = 0xE0;   //设定定时初值
 156   1        TH1 = 0xFE;   //设定定时初值
 157   1        ET1 = 0;    //禁止定时器1中断
 158   1        TR1 = 1;    //启动定时器1
 159   1        AUXR1|=0x80;AUXR1&=0xbf;// RxD1.6 TxD1.7
 160   1        //AUXR1|=0x40;AUXR1&=0x7f; // RxD3.6 TxD3.7
 161   1        EA=1;
 162   1        ES=1;
 163   1      }
 164          
 165          void blueTooth() interrupt 4{
 166   1        if(RI){
 167   2            RI=0;
 168   2            receiveChar(SBUF);
 169   2          }
 170   1        if(TI){
 171   2          TI=0;
 172   2          if(t_point<t_len){
 173   3            SBUF=T_BUFFER[t_point];
 174   3            t_point++;
 175   3          }
C51 COMPILER V9.59.0.0   BLUETOOTH                                                         12/18/2018 13:11:21 PAGE 4   

 176   2        }
 177   1      }
 178          
 179          void blueToothInit(){
 180   1        P1M0=0;
 181   1        P1M1=0;
 182   1        TI=0;
 183   1        RI=0;
 184   1        blueToothUart();
 185   1      }


MODULE INFORMATION:   STATIC OVERLAYABLE
   CODE SIZE        =   3735    ----
   CONSTANT SIZE    =    128    ----
   XDATA SIZE       =     70      37
   PDATA SIZE       =   ----    ----
   DATA SIZE        =   ----    ----
   IDATA SIZE       =   ----    ----
   BIT SIZE         =      1    ----
END OF MODULE INFORMATION.


C51 COMPILATION COMPLETE.  3 WARNING(S),  0 ERROR(S)
